<?xml version="1.0" encoding="UTF-8"?>
<!-- Generated by org.testng.reporters.JUnitReportReporter -->
<testsuite hostname="DESKTOP-V67KR6L" failures="0" tests="8" name="tests.AmazonSearchWithExcel" time="166.681" errors="0" timestamp="2022-01-24T21:08:07 EST" skipped="0">
  <testcase classname="tests.AmazonSearchWithExcel" name="amazonSearchWithExcel" time="27.337"/>
  <system-out/>
  <testcase classname="tests.AmazonSearchWithExcel" name="amazonSearchWithExcel" time="17.700"/>
  <system-out/>
  <testcase classname="tests.AmazonSearchWithExcel" name="amazonSearchWithExcel" time="20.262"/>
  <system-out/>
  <testcase classname="tests.AmazonSearchWithExcel" name="amazonSearchWithExcel" time="25.326"/>
  <system-out/>
  <testcase classname="tests.AmazonSearchWithExcel" name="amazonSearchWithExcel" time="20.434"/>
  <system-out/>
  <testcase classname="tests.AmazonSearchWithExcel" name="amazonSearchWithExcel" time="19.121"/>
  <system-out/>
  <testcase classname="tests.AmazonSearchWithExcel" name="amazonSearchWithExcel" time="17.711"/>
  <system-out/>
  <testcase classname="tests.AmazonSearchWithExcel" name="amazonSearchWithExcel" time="18.790"/>
  <system-out/>
</testsuite> <!-- tests.AmazonSearchWithExcel -->
