<?xml version="1.0" encoding="UTF-8"?>
<!-- Generated by org.testng.reporters.JUnitReportReporter -->
<testsuite hostname="DESKTOP-V67KR6L" failures="0" tests="2" name="tests.SauceDemoLoginTest" time="10.547" errors="0" timestamp="2022-01-24T10:38:00 EST" skipped="0">
  <testcase classname="tests.SauceDemoLoginTest" name="inventoryTest" time="6.435"/>
  <system-out/>
  <testcase classname="tests.SauceDemoLoginTest" name="loginPageTest" time="4.112"/>
  <system-out/>
</testsuite> <!-- tests.SauceDemoLoginTest -->
