<?xml version="1.0" encoding="UTF-8"?>
<!-- Generated by org.testng.reporters.JUnitReportReporter -->
<testsuite hostname="DESKTOP-V67KR6L" failures="0" tests="12" name="tests.AmazonSearchTests" time="101.105" errors="0" timestamp="2022-01-24T10:30:07 EST" skipped="0">
  <testcase classname="tests.AmazonSearchTests" name="objectData" time="2.212"/>
  <system-out/>
  <testcase classname="tests.AmazonSearchTests" name="objectData" time="2.090"/>
  <system-out/>
  <testcase classname="tests.AmazonSearchTests" name="amazonSearch" time="19.039"/>
  <system-out/>
  <testcase classname="tests.AmazonSearchTests" name="amazonSearch" time="15.465"/>
  <system-out/>
  <testcase classname="tests.AmazonSearchTests" name="objectData" time="2.137"/>
  <system-out/>
  <testcase classname="tests.AmazonSearchTests" name="objectData" time="2.297"/>
  <system-out/>
  <testcase classname="tests.AmazonSearchTests" name="amazonSearch" time="15.820"/>
  <system-out/>
  <testcase classname="tests.AmazonSearchTests" name="objectData" time="2.140"/>
  <system-out/>
  <testcase classname="tests.AmazonSearchTests" name="amazonSearch" time="19.356"/>
  <system-out/>
  <testcase classname="tests.AmazonSearchTests" name="objectData" time="2.297"/>
  <system-out/>
  <testcase classname="tests.AmazonSearchTests" name="amazonSearch" time="15.944"/>
  <system-out/>
  <testcase classname="tests.AmazonSearchTests" name="objectData" time="2.308"/>
  <system-out/>
</testsuite> <!-- tests.AmazonSearchTests -->
